2026/01/05 18:57:10 [INFO] application started
2026/01/05 18:57:29 [INFO] task created: <выпить воды>
2026/01/05 18:57:48 [INFO] task completed: id=5, text=<выпить воды>
2026/01/05 18:58:00 [INFO] task completed: id=3, text=<принять поступивший товар>
2026/01/05 18:58:42 [INFO] application finished
2026/01/05 19:42:56 [INFO] application started
2026/01/05 19:43:22 [INFO] task created: <разобраться>
2026/01/05 19:43:30 [INFO] application finished
2026/01/05 19:45:42 [INFO] application started
2026/01/05 19:51:25 [INFO] application started
2026/01/05 19:51:49 [INFO] application finished
2026/01/05 19:51:53 [INFO] application started
2026/01/05 19:52:10 [INFO] task created: <разобраться>
2026/01/05 19:53:12 [INFO] application finished
2026/01/05 19:55:01 [INFO] application started
2026/01/05 19:55:23 [INFO] task created: <разобраться с рутинами>
2026/01/05 19:59:03 [INFO] application finished
2026/01/05 19:59:08 [INFO] application started
2026/01/05 19:59:26 [INFO] task created: <выспаться>
2026/01/05 20:02:03 [INFO] application finished
2026/01/05 20:02:06 [INFO] application started
2026/01/05 20:02:43 [INFO] application finished
2026/01/05 20:41:16 [INFO] application started
2026/01/05 20:41:16 [INFO] Loaded 6 tasks from file
2026/01/05 20:41:39 [INFO] task created: <устроиться на стажировку>
2026/01/05 20:41:39 [INFO] Saved 7 tasks to file
2026/01/05 20:41:48 [INFO] application finished
2026/01/05 20:53:19 [INFO] application started
2026/01/05 20:53:19 [INFO] Loaded 7 tasks from file
2026/01/05 20:53:36 [INFO] task created: <выйти на джуна>
2026/01/05 20:53:36 [INFO] Saved 8 tasks to file
2026/01/05 20:53:43 [INFO] application finished
2026/01/06 19:57:41 [INFO] application started
2026/01/06 19:57:41 [INFO] Loaded 8 tasks from file
2026/01/06 19:58:27 [INFO] task created: <пойти домой>
2026/01/06 19:58:27 [INFO] Saved 9 tasks to file
2026/01/06 19:58:36 [INFO] task completed: id=4, text=<добавить все в систему>
2026/01/06 19:58:36 [INFO] Saved 9 tasks to file
2026/01/06 19:59:10 [INFO] Saved 9 tasks to file
2026/01/06 19:59:10 [INFO] application finished, task saved
2026/01/06 20:35:34 [INFO] application started
2026/01/06 20:35:34 [INFO] Loaded 9 tasks from file
2026/01/06 20:35:54 [INFO] Saved 9 tasks to file
2026/01/06 20:36:11 [INFO] Saved 9 tasks to file
2026/01/06 20:36:11 [INFO] application finished, task saved
2026/01/06 20:36:15 [INFO] application started
2026/01/06 20:36:15 [INFO] Loaded 9 tasks from file
2026/01/06 20:36:31 [INFO] Saved 9 tasks to file
2026/01/06 20:36:42 [INFO] Saved 9 tasks to file
2026/01/06 20:36:42 [INFO] application finished, task saved
2026/01/06 20:36:57 [INFO] application started
2026/01/06 20:36:57 [INFO] Loaded 9 tasks from file
2026/01/06 20:37:10 [INFO] Saved 9 tasks to file
2026/01/06 20:37:35 [ERROR] invalid number task
2026/01/06 20:37:35 [INFO] Saved 9 tasks to file
2026/01/06 20:37:36 [INFO] Saved 9 tasks to file
2026/01/06 20:37:36 [INFO] application finished, task saved
2026/01/06 20:37:40 [INFO] application started
2026/01/06 20:37:40 [INFO] Loaded 9 tasks from file
2026/01/06 20:38:09 [INFO] task deleted: id=9, text=<пойти домой>
2026/01/06 20:38:09 [INFO] Saved 8 tasks to file
2026/01/06 20:38:29 [INFO] Saved 8 tasks to file
2026/01/06 20:38:29 [INFO] application finished, task saved
2026/01/06 20:41:45 [INFO] application started
2026/01/06 20:41:45 [INFO] Loaded 8 tasks from file
2026/01/06 20:41:53 [ERROR] invalid menu number
2026/01/06 20:42:19 [INFO] Saved 8 tasks to file
2026/01/06 20:42:19 [INFO] application finished, task saved
